==2453== Memcheck, a memory error detector
==2453== Copyright (C) 2002-2017, and GNU GPL'd, by Julian Seward et al.
==2453== Using Valgrind-3.13.0 and LibVEX; rerun with -h for copyright info
==2453== Command: /rhome/m/mmesic2/workspace/TP/Z1/Z3/.runme
==2453== Parent PID: 2437
==2453== 
==2453== 
==2453== Process terminating with default action of signal 15 (SIGTERM)
==2453==    at 0x56EF191: read (read.c:27)
==2453==    by 0x566C1B7: _IO_file_underflow@@GLIBC_2.2.5 (fileops.c:531)
==2453==    by 0x566D461: _IO_default_uflow (genops.c:380)
==2453==    by 0x512B7EC: __gnu_cxx::stdio_sync_filebuf<char, std::char_traits<char> >::underflow() (in /usr/lib/x86_64-linux-gnu/libstdc++.so.6.0.25)
==2453==    by 0x51395D9: std::istream::sentry::sentry(std::istream&, bool) (in /usr/lib/x86_64-linux-gnu/libstdc++.so.6.0.25)
==2453==    by 0x513980D: std::istream::operator>>(int&) (in /usr/lib/x86_64-linux-gnu/libstdc++.so.6.0.25)
==2453==    by 0x109867: main (main.cpp:61)
==2453== 
==2453== HEAP SUMMARY:
==2453==     in use at exit: 0 bytes in 0 blocks
==2453==   total heap usage: 2 allocs, 2 frees, 73,728 bytes allocated
==2453== 
==2453== All heap blocks were freed -- no leaks are possible
==2453== 
==2453== For counts of detected and suppressed errors, rerun with: -v
==2453== ERROR SUMMARY: 0 errors from 0 contexts (suppressed: 0 from 0)
