==14816== Memcheck, a memory error detector
==14816== Copyright (C) 2002-2017, and GNU GPL'd, by Julian Seward et al.
==14816== Using Valgrind-3.13.0 and LibVEX; rerun with -h for copyright info
==14816== Command: /rhome/m/mmesic2/workspace/TP/Z2/Z2/.runme
==14816== Parent PID: 14796
==14816== 
==14816== 
==14816== Process terminating with default action of signal 15 (SIGTERM)
==14816==    at 0x5A8D191: read (read.c:27)
==14816==    by 0x5A0A1B7: _IO_file_underflow@@GLIBC_2.2.5 (fileops.c:531)
==14816==    by 0x5A0B461: _IO_default_uflow (genops.c:380)
==14816==    by 0x512B7EC: __gnu_cxx::stdio_sync_filebuf<char, std::char_traits<char> >::underflow() (in /usr/lib/x86_64-linux-gnu/libstdc++.so.6.0.25)
==14816==    by 0x51395D9: std::istream::sentry::sentry(std::istream&, bool) (in /usr/lib/x86_64-linux-gnu/libstdc++.so.6.0.25)
==14816==    by 0x513980D: std::istream::operator>>(int&) (in /usr/lib/x86_64-linux-gnu/libstdc++.so.6.0.25)
==14816==    by 0x1092CC: main (main.cpp:32)
==14816== 
==14816== HEAP SUMMARY:
==14816==     in use at exit: 0 bytes in 0 blocks
==14816==   total heap usage: 2 allocs, 2 frees, 73,728 bytes allocated
==14816== 
==14816== All heap blocks were freed -- no leaks are possible
==14816== 
==14816== For counts of detected and suppressed errors, rerun with: -v
==14816== ERROR SUMMARY: 0 errors from 0 contexts (suppressed: 0 from 0)
