==30778== Memcheck, a memory error detector
==30778== Copyright (C) 2002-2017, and GNU GPL'd, by Julian Seward et al.
==30778== Using Valgrind-3.13.0 and LibVEX; rerun with -h for copyright info
==30778== Command: /rhome/m/mmesic2/workspace/TP/Z2/Z4/.runme
==30778== Parent PID: 30771
==30778== 
==30778== 
==30778== Process terminating with default action of signal 1 (SIGHUP)
==30778==    at 0x5875191: read (read.c:27)
==30778==    by 0x57F21B7: _IO_file_underflow@@GLIBC_2.2.5 (fileops.c:531)
==30778==    by 0x57F3461: _IO_default_uflow (genops.c:380)
==30778==    by 0x512B7EC: __gnu_cxx::stdio_sync_filebuf<char, std::char_traits<char> >::underflow() (in /usr/lib/x86_64-linux-gnu/libstdc++.so.6.0.25)
==30778==    by 0x51395D9: std::istream::sentry::sentry(std::istream&, bool) (in /usr/lib/x86_64-linux-gnu/libstdc++.so.6.0.25)
==30778==    by 0x513980D: std::istream::operator>>(int&) (in /usr/lib/x86_64-linux-gnu/libstdc++.so.6.0.25)
==30778==    by 0x108E77: main (main.cpp:26)
==30778== 
==30778== HEAP SUMMARY:
==30778==     in use at exit: 0 bytes in 0 blocks
==30778==   total heap usage: 2 allocs, 2 frees, 73,728 bytes allocated
==30778== 
==30778== All heap blocks were freed -- no leaks are possible
==30778== 
==30778== For counts of detected and suppressed errors, rerun with: -v
==30778== ERROR SUMMARY: 0 errors from 0 contexts (suppressed: 0 from 0)
