[New LWP 21192]
Core was generated by `'.
Program terminated with signal SIGSEGV, Segmentation fault.
#0  0x000000000010a12c in ?? ()
#0  0x000000000010a12c in ?? ()
#1  0x000000000010acc8 in ?? ()
#2  0x0000001fff000940 in ?? ()
#3  0x00000001053c36e0 in ?? ()
#4  0x0000001fff000910 in ?? ()
#5  0x00000000053c36e0 in ?? ()
#6  0x00000000050ea042 in ?? ()
#7  0xe7e6e5e400000000 in ?? ()
#8  0xff79e33a24720865 in ?? ()
#9  0x0a00000a0000000a in ?? ()
#10 0x0000001fff000930 in ?? ()
#11 0x010000000030c020 in ?? ()
#12 0xff79e33a24720800 in ?? ()
#13 0x0000001fff000a60 in ?? ()
#14 0x0000000005165157 in ?? ()
#15 0x000000000000000b in ?? ()
#16 0xff79e33a24720800 in ?? ()
#17 0x0000000000000000 in ?? ()
