==965== Memcheck, a memory error detector
==965== Copyright (C) 2002-2017, and GNU GPL'd, by Julian Seward et al.
==965== Using Valgrind-3.13.0 and LibVEX; rerun with -h for copyright info
==965== Command: /rhome/m/mmesic2/workspace/TP/Z2/Z1/.runme
==965== Parent PID: 958
==965== 
==965== 
==965== Process terminating with default action of signal 15 (SIGTERM)
==965==    at 0x56EF191: read (read.c:27)
==965==    by 0x566C1B7: _IO_file_underflow@@GLIBC_2.2.5 (fileops.c:531)
==965==    by 0x566D461: _IO_default_uflow (genops.c:380)
==965==    by 0x512B7EC: __gnu_cxx::stdio_sync_filebuf<char, std::char_traits<char> >::underflow() (in /usr/lib/x86_64-linux-gnu/libstdc++.so.6.0.25)
==965==    by 0x50EA078: std::basic_istream<char, std::char_traits<char> >& std::getline<char, std::char_traits<char>, std::allocator<char> >(std::basic_istream<char, std::char_traits<char> >&, std::__cxx11::basic_string<char, std::char_traits<char>, std::allocator<char> >&, char) (in /usr/lib/x86_64-linux-gnu/libstdc++.so.6.0.25)
==965==    by 0x10C2AC: UnosKomande(Komande&, Smjerovi&, int&, int&, KodoviGresaka&) (main.cpp:172)
==965==    by 0x10E0CB: main (main.cpp:471)
==965== 
==965== HEAP SUMMARY:
==965==     in use at exit: 588 bytes in 6 blocks
==965==   total heap usage: 12 allocs, 6 frees, 74,456 bytes allocated
==965== 
==965== LEAK SUMMARY:
==965==    definitely lost: 0 bytes in 0 blocks
==965==    indirectly lost: 0 bytes in 0 blocks
==965==      possibly lost: 0 bytes in 0 blocks
==965==    still reachable: 588 bytes in 6 blocks
==965==         suppressed: 0 bytes in 0 blocks
==965== Reachable blocks (those to which a pointer was found) are not shown.
==965== To see them, rerun with: --leak-check=full --show-leak-kinds=all
==965== 
==965== For counts of detected and suppressed errors, rerun with: -v
==965== ERROR SUMMARY: 0 errors from 0 contexts (suppressed: 0 from 0)
